0:100  0:100  MemLog inited, TSC freq: 1992301470
0:100  0:000  CPU was calibrated with RTC
0:100  0:000  
0:100  0:000  Now is 15.10.2019,  9:55:19 (GMT)
0:100  0:000  Starting Clover revision: 5070 on American Megatrends EFI
0:100  0:000  Build with: [Args: -D NO_GRUB_DRIVERS_EMBEDDED | -D NO_GRUB_DRIVERS_EMBEDDED -D USE_LOW_EBDA -a X64 -b RELEASE -t XCODE8 -n 5 | OS: 10.14.6 | XCODE: 10.3]
0:100  0:000  SelfDevicePath=PciRoot(0x0)\Pci(0x17,0x0)\Sata(0x0,0xFFFF,0x0)\HD(1,GPT,FA54C2D4-6D94-4046-9584-AA85373BCFAD,0x28,0x64000) @74240A18
0:100  0:000  SelfDirPath = \EFI\BOOT
0:102  0:002  SimpleTextEx Status=Success
0:103  0:000  === [ Get Smbios ] ========================================
0:103  0:000  Type 16 Index = 0
0:103  0:000  Total Memory Slots Count = 2
0:103  0:000  Type 17 Index = 0
0:103  0:000  SmbiosTable.Type17->Speed = 2667MHz
0:103  0:000  SmbiosTable.Type17->Size = 16384MB
0:103  0:000  SmbiosTable.Type17->Bank/Device = BANK 0 ChannelA-DIMM0
0:103  0:000  SmbiosTable.Type17->Vendor = Samsung
0:103  0:000  SmbiosTable.Type17->SerialNumber = 41FE130E
0:103  0:000  SmbiosTable.Type17->PartNumber = M471A2K43CB1-CTD    
0:103  0:000  Type 17 Index = 1
0:103  0:000  Ignoring insane frequency value 0MHz
0:103  0:000  SmbiosTable.Type17->Speed = 0MHz
0:103  0:000  SmbiosTable.Type17->Size = 0MB
0:103  0:000  SmbiosTable.Type17->Bank/Device = BANK 2 ChannelB-DIMM0
0:103  0:000  SmbiosTable.Type17->Vendor = <null string>
0:103  0:000  SmbiosTable.Type17->SerialNumber = <null string>
0:103  0:000  SmbiosTable.Type17->PartNumber = <null string>
0:103  0:000  Boot status=0
0:103  0:000  Running on: 'PS63 Modern 8RC' with board 'MS-16S1'
0:103  0:000  === [ GetCPUProperties ] ==================================
0:103  0:000  CPU Vendor = 756E6547 Model=806EB
0:103  0:000   The CPU supported SSE4.1
0:103  0:000  BrandString = Intel(R) Core(TM) i7-8565U CPU @ 1.80GHz
0:103  0:000   The CPU supported turbo
0:103  0:000  MSR 0x35               40008
0:103  0:000   TSC/CCC Information Leaf:
0:103  0:000    numerator     : 166
0:103  0:000    denominator   : 2
0:103  0:000   Calibrated ARTFrequency: 24003632
0:103  0:000   Rounded ARTFrequency: 24100000
0:103  0:000  MSR 0xE2 before patch 1E008008
0:103  0:000  MSR 0xE2 is locked, PM patches will be turned on
0:103  0:000  MSR 0xCE              0004043D_F1011400
0:103  0:000  corrected FLEX_RATIO = 0
0:103  0:000  MSR 0x1B0             00000000
0:103  0:000  FSBFrequency = 85 MHz, DMI FSBFrequency = 100 MHz, Corrected FSBFrequency = 100 MHz
0:103  0:000  MaxDiv/MinDiv: 20.0/4
0:103  0:000  Turbo: 41/41/45/46
0:103  0:000  Features: 0xBFEBFBFF
0:103  0:000  Threads: 8
0:103  0:000  Cores: 4
0:103  0:000  FSB: 100 MHz
0:103  0:000  CPU: 1683 MHz
0:103  0:000  TSC: 1683 MHz
0:103  0:000  PIS: 100 MHz
0:103  0:000  ExternalClock: 25 MHz
0:103  0:000  === [ GetDevices ] ========================================
0:103  0:000  GOP found at: PciRoot(0x0)/Pci(0x2,0x0)/AcpiAdr(0x80010100)
0:103  0:000  PCI (00|00:00.00) : 8086 3E34 class=060000
0:103  0:000  PCI (00|00:02.00) : 8086 3EA0 class=030000
0:103  0:000   - GOP: Provided by device
0:103  0:000   - GFX: Model=Intel UHD Graphics 620 (Intel)
0:103  0:000  PCI (00|00:12.00) : 8086 9DF9 class=118000
0:103  0:000  PCI (00|00:14.00) : 8086 9DED class=0C0330
0:103  0:000  PCI (00|00:14.02) : 8086 9DEF class=050000
0:103  0:000  PCI (00|00:14.03) : 8086 9DF0 class=028000
0:103  0:000   - WIFI: Vendor=Intel
0:103  0:000  PCI (00|00:15.00) : 8086 9DE8 class=0C8000
0:103  0:000  PCI (00|00:16.00) : 8086 9DE0 class=078000
0:103  0:000  PCI (00|00:17.00) : 8086 9DD3 class=010601
0:103  0:000  PCI (00|00:19.00) : 8086 9DC5 class=0C8000
0:103  0:000  PCI (00|00:19.01) : 8086 9DC6 class=0C8000
0:103  0:000  PCI (00|00:1C.00) : 8086 9DB8 class=060400
0:103  0:000  PCI (00|00:1C.04) : 8086 9DBC class=060400
0:103  0:000  PCI (00|02:00.00) : 10DE 1C92 class=030200
0:103  0:000  PCI (00|00:1D.00) : 8086 9DB0 class=060400
0:103  0:000  PCI (00|03:00.00) : 1B21 2142 class=0C0330
0:103  0:000  PCI (00|00:1D.04) : 8086 9DB4 class=060400
0:103  0:000  PCI (00|04:00.00) : 15B7 5003 class=010802
0:103  0:000  PCI (00|00:1F.00) : 8086 9D84 class=060100
0:103  0:000  PCI (00|00:1F.03) : 8086 9DC8 class=040300
0:103  0:000  PCI (00|00:1F.04) : 8086 9DA3 class=0C0500
0:103  0:000  PCI (00|00:1F.05) : 8086 9DA4 class=0C8000
0:103  0:000  === [ GetDefaultSettings ] ================================
0:103  0:000  Clover load options size = 0 bytes
0:111  0:007  EFI\CLOVER\config.plist loaded: Success
0:111  0:000  === [ GetListOfThemes ] ===================================
0:113  0:002  - [00]: Beauty
0:118  0:004  === [ Found config plists ] ===============================
0:120  0:001  - config.plist
0:120  0:000  === [ GetEarlyUserSettings ] ==============================
0:120  0:000  timeout set to 5
0:120  0:000  Custom boot CUSTOM_BOOT_DISABLED (0x0)
0:120  0:000  ForceKextsToLoad: 1 requested
0:120  0:000   - [0]: System\Library\Extensions\IONetworkingFamily.kext
0:120  0:000  KernelToPatch: 3 requested
0:120  0:000   - [00]: MSR 0xE2 _xcpm_idle instant reboot(c) Pike R. Alpha :: data len: 8
0:120  0:000   - [01]: Disable panic kext logging on 10.13 release kernel (credit vit9696) :: MatchOS: 10.13.x :: data len: 6
0:120  0:000   - [02]: Disable panic kext logging on 10.14 release kernel (credit vit9696) :: MatchOS: 10.14.x :: data len: 6
0:120  0:000  Default theme: BGM
0:120  0:000  Hiding entries with string Preboot
0:121  0:000  === [ LoadDrivers ] =======================================
0:125  0:004  Loading FSInject.efi  status=Success
0:131  0:006  Loading OsxAptioFixDrv.efi  status=Success
0:136  0:004  Loading HFSPlus.efi  status=Success
0:141  0:004   - driver needs connecting
0:141  0:000  Loading SMCHelper.efi  status=Success
0:145  0:004  Loading DataHubDxe.efi  status=Success
0:150  0:005  Loading ApfsDriverLoader.efi  status=Success
0:154  0:004   - driver needs connecting
0:155  0:000  Loading AudioDxe.efi  status=Success
0:161  0:006   - driver needs connecting
0:161  0:000  3 drivers needs connecting ...
0:161  0:000  PlatformDriverOverrideProtocol not found. Installing ... Success
0:161  0:000  HFS+ driver loaded
0:161  0:000  APFS driver loaded
0:161  0:000  Searching for invalid DiskIo BY_DRIVER connects: not found, all ok
4:293  4:131  === [ InitScreen ] ========================================
4:293  0:000  Console modes reported: 4, available modes:
4:293  0:000   - [01]: 80x25
4:293  0:000   - [02]: 80x50
4:293  0:000   - [03]: 100x31 (current mode)
4:293  0:000   - [04]: 240x56
4:293  0:000  SetMaxResolution: found best mode 2: 1920x1080
4:293  0:000   - already set
4:293  0:000  SetScreenResolution: 1920x1080 - already set
4:293  0:000  reinit: self device path=PciRoot(0x0)\Pci(0x17,0x0)\Sata(0x0,0xFFFF,0x0)\HD(1,GPT,FA54C2D4-6D94-4046-9584-AA85373BCFAD,0x28,0x64000)
4:297  0:004  Using embedded font: Success
4:299  0:001  === [ GetMacAddress ] =====================================
4:299  0:000  === [ ScanSPD ] ===========================================
4:299  0:000  Scanning SMBus [8086:9DA3], mmio: 0xA441C004, ioport: 0xEFA0, hostc: 0x11
4:317  0:018  Slot: 0 Type 26 16384MB 2666MHz Vendor=Samsung PartNo=M471A2K43CB1-CTD SerialNo=04010F0E0103000E
4:318  0:001  === [ GetAcpiTablesList ] =================================
4:318  0:000  Get Acpi Tables List from RSDT:
4:318  0:000   - [00]: FACP  MEGABOOK len=132
4:318  0:000   - [01]: APIC  MEGABOOK len=188
4:318  0:000   - [02]: FPDT  MEGABOOK len=68
4:318  0:000   - [03]: FIDT  MEGABOOK len=156
4:318  0:000   - [04]: MCFG  MEGABOOK len=60
4:318  0:000   - [05]: SSDT  SataTabl len=888
4:318  0:000   - [06]: SSDT  CpuSsdt len=6086
4:318  0:000   - [07]: MSDM  MEGABOOK len=85
4:318  0:000   - [08]: SLIC  MEGABOOK len=374
4:318  0:000   - [09]: SSDT  SaSsdt  len=12742
4:318  0:000   - [10]: HPET  MEGABOOK len=56
4:318  0:000   - [11]: SSDT  xh_whld4 len=10766
4:318  0:000   - [12]: UEFI  MEGABOOK len=72
4:318  0:000   - [13]: LPIT  MEGABOOK len=92
4:318  0:000   - [14]: SSDT  PtidDevc len=10206
4:318  0:000   - [15]: SSDT  TbtTypeC len=5346
4:318  0:000   - [16]: DBGP  MEGABOOK len=52
4:318  0:000   - [17]: DBG2  MEGABOOK len=84
4:318  0:000   - [18]: SSDT  UsbCTabl len=7015
4:318  0:000   - [19]: SSDT  ADebTabl len=324
4:318  0:000   - [20]: SSDT  SgRpSsdt len=1159
4:318  0:000   - [21]: DMAR  EDK2     len=168
4:318  0:000   - [22]: TPM2  MEGABOOK len=52
4:318  0:000   - [23]: BGRT  MEGABOOK len=56
4:318  0:000   - [24]: SSDT  OptTabl len=6415
4:318  0:000   - [25]: WSMT  MEGABOOK len=40
4:318  0:000  Calibrated TSC Frequency = 1992301470 = 1992MHz
4:319  0:000  === [ GetUserSettings ] ===================================
4:319  0:000  Add 4 devices:
4:319  0:000  Add 8 properties:
4:319  0:000   - [00]: NVidia Key: name, len: 9
4:319  0:000   - [01]: NVidia Key: IOName, len: 9
4:319  0:000   - [02]: NVidia Key: class-code, len: 4
4:319  0:000   - [03]: ATI Key: name, len: 9
4:319  0:000   - [04]: ATI Key: IOName, len: 9
4:319  0:000   - [05]: ATI Key: class-code, len: 4
4:319  0:000   - [06]: ATI Key: vendor-id, len: 4
4:319  0:000   - [07]: ATI Key: device-id, len: 4
4:319  0:000  USB FixOwnership: yes
4:319  0:000  Dropping 3 tables:
4:319  0:000   - [00]: Drop table  signature="#MCF" (46434D23)
4:319  0:000           - set table: 46434D23,                0 to drop: no
4:319  0:000   - [01]: Drop table  signature="DMAR" (52414D44)
4:319  0:000           - set table: 52414D44,                0 to drop: yes
4:319  0:000   - [02]: Drop table  signature="SSDT" (54445353) table-id="xh_rvp10" (30317076725F6878)
4:319  0:000           - set table: 54445353, 30317076725F6878 to drop: no
4:319  0:000   - final DSDT Fix mask=00000000
4:319  0:000  PatchesDSDT: 13 requested
4:319  0:000   - [00]: (change OSID to XSID (to avoid match against _OSI XOSI patch)) lenToFind: 4, lenToReplace: 4, Target Bridge: <null string>
4:319  0:000    patch disabled at config
4:319  0:000   - [01]: (change _OSI to XOSI) lenToFind: 4, lenToReplace: 4, Target Bridge: <null string>
4:319  0:000    patch disabled at config
4:319  0:000   - [02]: (change _DSM to XDSM) lenToFind: 4, lenToReplace: 4, Target Bridge: <null string>
4:319  0:000    patch disabled at config
4:319  0:000   - [03]: (change EC0 to EC) lenToFind: 4, lenToReplace: 4, Target Bridge: <null string>
4:319  0:000    patch disabled at config
4:319  0:000   - [04]: (change H_EC to EC) lenToFind: 4, lenToReplace: 4, Target Bridge: <null string>
4:319  0:000    patch disabled at config
4:319  0:000   - [05]: (change ECDV to EC) lenToFind: 4, lenToReplace: 4, Target Bridge: <null string>
4:319  0:000    patch disabled at config
4:319  0:000   - [06]: (change HDAS to HDEF) lenToFind: 4, lenToReplace: 4, Target Bridge: <null string>
4:319  0:000   - [07]: (change HECI to IMEI) lenToFind: 4, lenToReplace: 4, Target Bridge: <null string>
4:319  0:000   - [08]: (change MEI to IMEI) lenToFind: 4, lenToReplace: 4, Target Bridge: <null string>
4:319  0:000   - [09]: (change GFX0 to IGPU) lenToFind: 4, lenToReplace: 4, Target Bridge: <null string>
4:319  0:000   - [10]: (change PCI0.VID to IGPU #1 (Thinkpad)) lenToFind: 8, lenToReplace: 8, Target Bridge: <null string>
4:319  0:000   - [11]: (change PCI0.VID to IGPU #2 (Thinkpad)) lenToFind: 14, lenToReplace: 14, Target Bridge: <null string>
4:319  0:000   - [12]: (ACPI Patch by mattystonnie) lenToFind: 8, lenToReplace: 8, Target Bridge: <null string>
4:319  0:000  Using ProductName from config: MacBookPro15,2
4:319  0:000  BiosVersion: not set, Using BiosVersion from clover
4:319  0:000  BiosVersion: MBP152.88Z.F000.B00.1907261958
4:319  0:000  BiosReleaseDate: 07/26/2019
4:319  0:000  Using EfiVersion from clover: 1037.0.39.151.1
4:319  0:000  Using FirmwareFeatures from clover: 0xFC0FE137
4:319  0:000  Using FirmwareFeaturesMask from clover: 0xFF1FFF3F
4:319  0:000  Using PlatformFeature from clover: 0x2
4:322  0:002  === [ Found DSDT tables ] =================================
4:536  0:214  === [ ScanVolumes ] =======================================
4:536  0:000  Found 15 volumes with blockIO
4:536  0:000  - [00]: Volume: PciRoot(0x0)\Pci(0x17,0x0)\Sata(0x0,0xFFFF,0x0)
4:537  0:000  - [01]: Volume: PciRoot(0x0)\Pci(0x17,0x0)\Sata(0x0,0xFFFF,0x0)\HD(1,GPT,FA54C2D4-6D94-4046-9584-AA85373BCFAD,0x28,0x64000)
4:538  0:000          Result of bootcode detection: bootable unknown (legacy)
4:539  0:001          This is SelfVolume !!
4:539  0:000  - [02]: Volume: PciRoot(0x0)\Pci(0x17,0x0)\Sata(0x0,0xFFFF,0x0)\HD(2,GPT,DF2DAE21-5BA9-41FB-B54B-083162532DC9,0x64028,0x3A321FE0)
4:539  0:000          Result of bootcode detection: bootable unknown (legacy)
4:539  0:000  - [03]: Volume: PciRoot(0x0)\Pci(0x1D,0x4)\Pci(0x0,0x0)\NVMe(0x1,57-25-ED-44-8B-44-1B-00)
4:540  0:000  - [04]: Volume: PciRoot(0x0)\Pci(0x1D,0x4)\Pci(0x0,0x0)\NVMe(0x1,57-25-ED-44-8B-44-1B-00)\HD(1,GPT,CFB82F47-7D77-478C-8C9A-A39D23DF9BA2,0x800,0x96000)
4:540  0:000          Result of bootcode detection: bootable Windows (vista,win)
4:540  0:000  - [05]: Volume: PciRoot(0x0)\Pci(0x1D,0x4)\Pci(0x0,0x0)\NVMe(0x1,57-25-ED-44-8B-44-1B-00)\HD(2,GPT,31BC1A17-87F0-495C-B9A3-E56908FCDEC5,0x96800,0x40000)
4:540  0:000  - [06]: Volume: PciRoot(0x0)\Pci(0x1D,0x4)\Pci(0x0,0x0)\NVMe(0x1,57-25-ED-44-8B-44-1B-00)\HD(3,GPT,36B5129A-4F4C-4F16-A13F-730912B1A9B6,0xD6800,0x1B84F9BC)
4:540  0:000          Result of bootcode detection: bootable Windows (vista,win)
4:540  0:000  - [07]: Volume: PciRoot(0x0)\Pci(0x1D,0x4)\Pci(0x0,0x0)\NVMe(0x1,57-25-ED-44-8B-44-1B-00)\HD(4,GPT,1D1FD381-09D7-4AB7-B01E-1E43A7E99428,0x23D29000,0x1C2000)
4:541  0:000          Result of bootcode detection: bootable Windows (vista,win)
4:541  0:000  - [08]: Volume: PciRoot(0x0)\Pci(0x1D,0x4)\Pci(0x0,0x0)\NVMe(0x1,57-25-ED-44-8B-44-1B-00)\HD(5,GPT,FC3C775A-50CA-40CF-B997-D3A5E8CD2DB2,0x23EEB000,0x154296EB)
4:541  0:000          Result of bootcode detection: bootable Windows (vista,win)
4:541  0:000  - [09]: Volume: PciRoot(0x0)\Pci(0x1D,0x4)\Pci(0x0,0x0)\NVMe(0x1,57-25-ED-44-8B-44-1B-00)\HD(6,GPT,D29C73FC-E1F7-4A15-825F-1DB143E9FDE7,0x39314800,0x26CC800)
4:541  0:000          Result of bootcode detection: bootable Windows (vista,win)
4:541  0:000  - [10]: Volume: PciRoot(0x0)\Pci(0x1D,0x4)\Pci(0x0,0x0)\NVMe(0x1,57-25-ED-44-8B-44-1B-00)\HD(7,GPT,87B149C3-0723-4A8A-A4C8-9B00C66B1C9C,0x1B926800,0x8402800)
4:541  0:000  - [11]: Volume: PciRoot(0x0)\Pci(0x17,0x0)\Sata(0x0,0xFFFF,0x0)\HD(2,GPT,DF2DAE21-5BA9-41FB-B54B-083162532DC9,0x64028,0x3A321FE0)\VenMedia(BE74FCF7-0B7C-49F3-9147-01F4042E6842,6309BDDC556B8649909EB9050E3EFC0A)
4:541  0:000          hiding this volume
4:541  0:000  - [12]: Volume: PciRoot(0x0)\Pci(0x17,0x0)\Sata(0x0,0xFFFF,0x0)\HD(2,GPT,DF2DAE21-5BA9-41FB-B54B-083162532DC9,0x64028,0x3A321FE0)\VenMedia(BE74FCF7-0B7C-49F3-9147-01F4042E6842,CFB5CCC5F13EBF3BA46B131011FCEF09)
4:542  0:000  - [13]: Volume: PciRoot(0x0)\Pci(0x17,0x0)\Sata(0x0,0xFFFF,0x0)\HD(2,GPT,DF2DAE21-5BA9-41FB-B54B-083162532DC9,0x64028,0x3A321FE0)\VenMedia(BE74FCF7-0B7C-49F3-9147-01F4042E6842,FD94A89970F4094DB91201BC7C82259A)
4:542  0:000  - [14]: Volume: PciRoot(0x0)\Pci(0x17,0x0)\Sata(0x0,0xFFFF,0x0)\HD(2,GPT,DF2DAE21-5BA9-41FB-B54B-083162532DC9,0x64028,0x3A321FE0)\VenMedia(BE74FCF7-0B7C-49F3-9147-01F4042E6842,F2108A9BF8D4904388F7DC5CAEEB1EAA)
4:542  0:000  found 2 handles with audio
4:542  0:000  got index=1
4:542  0:000  got volume 70
4:542  0:000  === [ InitTheme ] =========================================
4:542  0:000  use daylight theme
4:544  0:001  GlobalConfig: BGM not found, get embedded theme
4:544  0:000   using embedded theme
4:544  0:000  got embedded sound
4:544  0:000    Channels: 2  Sample rate: 8000 Hz  Bits: 16
4:544  0:000  output to channel 1 with volume 70, len=25600
4:544  0:000   sound channels=2 bits=16 freq=8000
4:544  0:000  sound converted to 48kHz
5:900  1:356  sound play end with status=Success
5:901  0:000  Using embedded font: Success
5:902  0:000  theme inited
5:902  0:000  Chosen embedded theme
5:902  0:000  after NVRAM boot-args=dart=0 nv_disable=1 -disablegfxfirmware -cdfon -igfxnohdmi agdpmod=vit9696
5:902  0:000  === [ Dump SMC keys from NVRAM ] ==========================
5:902  0:000  found AppleSMC protocol
5:940  0:037  Registered 17 SMC keys
5:943  0:002  === [ AddCustomEntries ] ==================================
5:943  0:000  Custom entry 0 Title:"Recovery" Path:"\com.apple.recovery.boot\boot.efi" Type:10 Flags:0x6 matching all volumes
5:943  0:000      Checking volume "EFI" (PciRoot(0x0)\Pci(0x17,0x0)\Sata(0x0,0xFFFF,0x0)\HD(1,GPT,FA54C2D4-6D94-4046-9584-AA85373BCFAD,0x28,0x64000)) ... skipped because path does not exist
5:945  0:002      Checking volume "SYSTEM" (PciRoot(0x0)\Pci(0x1D,0x4)\Pci(0x0,0x0)\NVMe(0x1,57-25-ED-44-8B-44-1B-00)\HD(1,GPT,CFB82F47-7D77-478C-8C9A-A39D23DF9BA2,0x800,0x96000)) ... skipped because path does not exist
5:945  0:000      Checking volume "Windows" (PciRoot(0x0)\Pci(0x1D,0x4)\Pci(0x0,0x0)\NVMe(0x1,57-25-ED-44-8B-44-1B-00)\HD(3,GPT,36B5129A-4F4C-4F16-A13F-730912B1A9B6,0xD6800,0x1B84F9BC)) ... skipped because path does not exist
5:945  0:000      Checking volume "WinRE tools" (PciRoot(0x0)\Pci(0x1D,0x4)\Pci(0x0,0x0)\NVMe(0x1,57-25-ED-44-8B-44-1B-00)\HD(4,GPT,1D1FD381-09D7-4AB7-B01E-1E43A7E99428,0x23D29000,0x1C2000)) ... skipped because path does not exist
5:945  0:000      Checking volume "Data" (PciRoot(0x0)\Pci(0x1D,0x4)\Pci(0x0,0x0)\NVMe(0x1,57-25-ED-44-8B-44-1B-00)\HD(5,GPT,FC3C775A-50CA-40CF-B997-D3A5E8CD2DB2,0x23EEB000,0x154296EB)) ... skipped because path does not exist
5:945  0:000      Checking volume "BIOS_RVY" (PciRoot(0x0)\Pci(0x1D,0x4)\Pci(0x0,0x0)\NVMe(0x1,57-25-ED-44-8B-44-1B-00)\HD(6,GPT,D29C73FC-E1F7-4A15-825F-1DB143E9FDE7,0x39314800,0x26CC800)) ... skipped because path does not exist
5:945  0:000      Checking volume "Preboot" (PciRoot(0x0)\Pci(0x17,0x0)\Sata(0x0,0xFFFF,0x0)\HD(2,GPT,DF2DAE21-5BA9-41FB-B54B-083162532DC9,0x64028,0x3A321FE0)\VenMedia(BE74FCF7-0B7C-49F3-9147-01F4042E6842,6309BDDC556B8649909EB9050E3EFC0A)) ... skipped because volume is hidden
5:945  0:000      Checking volume "Macintosh HD" (PciRoot(0x0)\Pci(0x17,0x0)\Sata(0x0,0xFFFF,0x0)\HD(2,GPT,DF2DAE21-5BA9-41FB-B54B-083162532DC9,0x64028,0x3A321FE0)\VenMedia(BE74FCF7-0B7C-49F3-9147-01F4042E6842,CFB5CCC5F13EBF3BA46B131011FCEF09)) ... skipped because path does not exist
5:945  0:000      Checking volume "Recovery" (PciRoot(0x0)\Pci(0x17,0x0)\Sata(0x0,0xFFFF,0x0)\HD(2,GPT,DF2DAE21-5BA9-41FB-B54B-083162532DC9,0x64028,0x3A321FE0)\VenMedia(BE74FCF7-0B7C-49F3-9147-01F4042E6842,FD94A89970F4094DB91201BC7C82259A)) ... skipped because path does not exist
5:945  0:000      Checking volume "VM" (PciRoot(0x0)\Pci(0x17,0x0)\Sata(0x0,0xFFFF,0x0)\HD(2,GPT,DF2DAE21-5BA9-41FB-B54B-083162532DC9,0x64028,0x3A321FE0)\VenMedia(BE74FCF7-0B7C-49F3-9147-01F4042E6842,F2108A9BF8D4904388F7DC5CAEEB1EAA)) ... skipped because path does not exist
5:945  0:000  Custom entry 1 Title:"Windows" Path:"\EFI\Microsoft\Boot\bootmgfw.efi" Options:"-s -h" Type:7 Flags:0x0 matching all volumes
5:945  0:000      Checking volume "EFI" (PciRoot(0x0)\Pci(0x17,0x0)\Sata(0x0,0xFFFF,0x0)\HD(1,GPT,FA54C2D4-6D94-4046-9584-AA85373BCFAD,0x28,0x64000)) ... skipped because path does not exist
5:946  0:000      Checking volume "SYSTEM" (PciRoot(0x0)\Pci(0x1D,0x4)\Pci(0x0,0x0)\NVMe(0x1,57-25-ED-44-8B-44-1B-00)\HD(1,GPT,CFB82F47-7D77-478C-8C9A-A39D23DF9BA2,0x800,0x96000)) ... match!
5:947  0:000  Custom settings: <null string>.plist will  be applied
5:947  0:000      Checking volume "Windows" (PciRoot(0x0)\Pci(0x1D,0x4)\Pci(0x0,0x0)\NVMe(0x1,57-25-ED-44-8B-44-1B-00)\HD(3,GPT,36B5129A-4F4C-4F16-A13F-730912B1A9B6,0xD6800,0x1B84F9BC)) ... skipped because path does not exist
5:947  0:000      Checking volume "WinRE tools" (PciRoot(0x0)\Pci(0x1D,0x4)\Pci(0x0,0x0)\NVMe(0x1,57-25-ED-44-8B-44-1B-00)\HD(4,GPT,1D1FD381-09D7-4AB7-B01E-1E43A7E99428,0x23D29000,0x1C2000)) ... skipped because path does not exist
5:947  0:000      Checking volume "Data" (PciRoot(0x0)\Pci(0x1D,0x4)\Pci(0x0,0x0)\NVMe(0x1,57-25-ED-44-8B-44-1B-00)\HD(5,GPT,FC3C775A-50CA-40CF-B997-D3A5E8CD2DB2,0x23EEB000,0x154296EB)) ... skipped because path does not exist
5:947  0:000      Checking volume "BIOS_RVY" (PciRoot(0x0)\Pci(0x1D,0x4)\Pci(0x0,0x0)\NVMe(0x1,57-25-ED-44-8B-44-1B-00)\HD(6,GPT,D29C73FC-E1F7-4A15-825F-1DB143E9FDE7,0x39314800,0x26CC800)) ... skipped because path does not exist
5:947  0:000      Checking volume "Preboot" (PciRoot(0x0)\Pci(0x17,0x0)\Sata(0x0,0xFFFF,0x0)\HD(2,GPT,DF2DAE21-5BA9-41FB-B54B-083162532DC9,0x64028,0x3A321FE0)\VenMedia(BE74FCF7-0B7C-49F3-9147-01F4042E6842,6309BDDC556B8649909EB9050E3EFC0A)) ... skipped because volume is hidden
5:947  0:000      Checking volume "Macintosh HD" (PciRoot(0x0)\Pci(0x17,0x0)\Sata(0x0,0xFFFF,0x0)\HD(2,GPT,DF2DAE21-5BA9-41FB-B54B-083162532DC9,0x64028,0x3A321FE0)\VenMedia(BE74FCF7-0B7C-49F3-9147-01F4042E6842,CFB5CCC5F13EBF3BA46B131011FCEF09)) ... skipped because path does not exist
5:947  0:000      Checking volume "Recovery" (PciRoot(0x0)\Pci(0x17,0x0)\Sata(0x0,0xFFFF,0x0)\HD(2,GPT,DF2DAE21-5BA9-41FB-B54B-083162532DC9,0x64028,0x3A321FE0)\VenMedia(BE74FCF7-0B7C-49F3-9147-01F4042E6842,FD94A89970F4094DB91201BC7C82259A)) ... skipped because path does not exist
5:947  0:000      Checking volume "VM" (PciRoot(0x0)\Pci(0x17,0x0)\Sata(0x0,0xFFFF,0x0)\HD(2,GPT,DF2DAE21-5BA9-41FB-B54B-083162532DC9,0x64028,0x3A321FE0)\VenMedia(BE74FCF7-0B7C-49F3-9147-01F4042E6842,F2108A9BF8D4904388F7DC5CAEEB1EAA)) ... skipped because path does not exist
5:947  0:000  === [ ScanLoader ] ========================================
5:947  0:000  - [01]: 'EFI'
5:976  0:029          AddLoaderEntry for Volume Name=EFI
5:976  0:000          skipped because entry is hidden
5:976  0:000  - [04]: 'SYSTEM'
5:978  0:001          AddLoaderEntry for Volume Name=SYSTEM
5:978  0:000       skipped because path `PciRoot(0x0)\Pci(0x1D,0x4)\Pci(0x0,0x0)\NVMe(0x1,57-25-ED-44-8B-44-1B-00)\HD(1,GPT,CFB82F47-7D77-478C-8C9A-A39D23DF9BA2,0x800,0x96000)\EFI\microsoft\Boot\bootmgfw.efii` already exists for another entry!
5:979  0:001          AddLoaderEntry for Volume Name=SYSTEM
5:982  0:002          AddLoaderEntry for Volume Name=SYSTEM
5:982  0:000          skipped because entry is hidden
5:982  0:000  - [06]: 'Windows'
5:982  0:000  - [07]: 'WinRE tools'
5:982  0:000  - [08]: 'Data'
5:983  0:000  - [09]: 'BIOS_RVY'
5:983  0:000  - [11]: 'Preboot', hidden
5:983  0:000  - [12]: 'Macintosh HD'
6:006  0:023          AddLoaderEntry for Volume Name=Macintosh HD
6:011  0:005      hibernated: set as never
6:016  0:004  - [13]: 'Recovery'
6:016  0:000          AddLoaderEntry for Volume Name=Recovery
6:023  0:006  - [14]: 'VM'
6:023  0:000  === [ AddCustomTool ] =====================================
6:025  0:001  found tool \EFI\CLOVER\tools\Shell64U.efi
6:025  0:000  Checking EFI partition Volume 1 for Clover
6:027  0:002   Found Clover
6:028  0:001  === [ GetEfiBootDeviceFromNvram ] =========================
6:029  0:000  Default boot entry not found
6:029  0:000  DefaultIndex=-1 and MainMenu.EntryCount=10
6:230  0:201  can't bear mouse at all! Status=Unsupported
6:230  0:000  GUI ready
6:733  0:502  exit from MainMenu 7
9:866  3:133  can't bear mouse at all! Status=Unsupported
10:158  0:292  exit from MainMenu 2
10:244  0:086  ReinitSelfLib after theme change
10:244  0:000  reinit: self device path=PciRoot(0x0)\Pci(0x17,0x0)\Sata(0x0,0xFFFF,0x0)\HD(1,GPT,FA54C2D4-6D94-4046-9584-AA85373BCFAD,0x28,0x64000)
10:246  0:001  === [ ScanVolumes ] =======================================
10:246  0:000  Found 15 volumes with blockIO
10:246  0:000  - [00]: Volume: PciRoot(0x0)\Pci(0x17,0x0)\Sata(0x0,0xFFFF,0x0)
10:246  0:000  - [01]: Volume: PciRoot(0x0)\Pci(0x17,0x0)\Sata(0x0,0xFFFF,0x0)\HD(1,GPT,FA54C2D4-6D94-4046-9584-AA85373BCFAD,0x28,0x64000)
10:247  0:000          Result of bootcode detection: bootable unknown (legacy)
10:248  0:000          This is SelfVolume !!
10:248  0:000  - [02]: Volume: PciRoot(0x0)\Pci(0x17,0x0)\Sata(0x0,0xFFFF,0x0)\HD(2,GPT,DF2DAE21-5BA9-41FB-B54B-083162532DC9,0x64028,0x3A321FE0)
10:248  0:000          Result of bootcode detection: bootable unknown (legacy)
10:248  0:000  - [03]: Volume: PciRoot(0x0)\Pci(0x1D,0x4)\Pci(0x0,0x0)\NVMe(0x1,57-25-ED-44-8B-44-1B-00)
10:248  0:000  - [04]: Volume: PciRoot(0x0)\Pci(0x1D,0x4)\Pci(0x0,0x0)\NVMe(0x1,57-25-ED-44-8B-44-1B-00)\HD(1,GPT,CFB82F47-7D77-478C-8C9A-A39D23DF9BA2,0x800,0x96000)
10:249  0:000          Result of bootcode detection: bootable Windows (vista,win)
10:249  0:000  - [05]: Volume: PciRoot(0x0)\Pci(0x1D,0x4)\Pci(0x0,0x0)\NVMe(0x1,57-25-ED-44-8B-44-1B-00)\HD(2,GPT,31BC1A17-87F0-495C-B9A3-E56908FCDEC5,0x96800,0x40000)
10:249  0:000  - [06]: Volume: PciRoot(0x0)\Pci(0x1D,0x4)\Pci(0x0,0x0)\NVMe(0x1,57-25-ED-44-8B-44-1B-00)\HD(3,GPT,36B5129A-4F4C-4F16-A13F-730912B1A9B6,0xD6800,0x1B84F9BC)
10:249  0:000          Result of bootcode detection: bootable Windows (vista,win)
10:249  0:000  - [07]: Volume: PciRoot(0x0)\Pci(0x1D,0x4)\Pci(0x0,0x0)\NVMe(0x1,57-25-ED-44-8B-44-1B-00)\HD(4,GPT,1D1FD381-09D7-4AB7-B01E-1E43A7E99428,0x23D29000,0x1C2000)
10:249  0:000          Result of bootcode detection: bootable Windows (vista,win)
10:249  0:000  - [08]: Volume: PciRoot(0x0)\Pci(0x1D,0x4)\Pci(0x0,0x0)\NVMe(0x1,57-25-ED-44-8B-44-1B-00)\HD(5,GPT,FC3C775A-50CA-40CF-B997-D3A5E8CD2DB2,0x23EEB000,0x154296EB)
10:250  0:000          Result of bootcode detection: bootable Windows (vista,win)
10:250  0:000  - [09]: Volume: PciRoot(0x0)\Pci(0x1D,0x4)\Pci(0x0,0x0)\NVMe(0x1,57-25-ED-44-8B-44-1B-00)\HD(6,GPT,D29C73FC-E1F7-4A15-825F-1DB143E9FDE7,0x39314800,0x26CC800)
10:250  0:000          Result of bootcode detection: bootable Windows (vista,win)
10:250  0:000  - [10]: Volume: PciRoot(0x0)\Pci(0x1D,0x4)\Pci(0x0,0x0)\NVMe(0x1,57-25-ED-44-8B-44-1B-00)\HD(7,GPT,87B149C3-0723-4A8A-A4C8-9B00C66B1C9C,0x1B926800,0x8402800)
10:250  0:000  - [11]: Volume: PciRoot(0x0)\Pci(0x17,0x0)\Sata(0x0,0xFFFF,0x0)\HD(2,GPT,DF2DAE21-5BA9-41FB-B54B-083162532DC9,0x64028,0x3A321FE0)\VenMedia(BE74FCF7-0B7C-49F3-9147-01F4042E6842,6309BDDC556B8649909EB9050E3EFC0A)
10:250  0:000          hiding this volume
10:250  0:000  - [12]: Volume: PciRoot(0x0)\Pci(0x17,0x0)\Sata(0x0,0xFFFF,0x0)\HD(2,GPT,DF2DAE21-5BA9-41FB-B54B-083162532DC9,0x64028,0x3A321FE0)\VenMedia(BE74FCF7-0B7C-49F3-9147-01F4042E6842,CFB5CCC5F13EBF3BA46B131011FCEF09)
10:250  0:000  - [13]: Volume: PciRoot(0x0)\Pci(0x17,0x0)\Sata(0x0,0xFFFF,0x0)\HD(2,GPT,DF2DAE21-5BA9-41FB-B54B-083162532DC9,0x64028,0x3A321FE0)\VenMedia(BE74FCF7-0B7C-49F3-9147-01F4042E6842,FD94A89970F4094DB91201BC7C82259A)
10:250  0:000  - [14]: Volume: PciRoot(0x0)\Pci(0x17,0x0)\Sata(0x0,0xFFFF,0x0)\HD(2,GPT,DF2DAE21-5BA9-41FB-B54B-083162532DC9,0x64028,0x3A321FE0)\VenMedia(BE74FCF7-0B7C-49F3-9147-01F4042E6842,F2108A9BF8D4904388F7DC5CAEEB1EAA)
10:251  0:000  found 2 handles with audio
10:251  0:000  got index=1
10:251  0:000  got volume 70
10:251  0:000  theme inited
10:251  0:000  Chosen embedded theme
10:251  0:000  after NVRAM boot-args=dart=0 nv_disable=1 -disablegfxfirmware -cdfon -igfxnohdmi agdpmod=vit9696
10:251  0:000  === [ AddCustomEntries ] ==================================
10:252  0:000  Custom entry 0 Title:"Recovery" Path:"\com.apple.recovery.boot\boot.efi" Type:10 Flags:0x6 matching all volumes
10:252  0:000      Checking volume "EFI" (PciRoot(0x0)\Pci(0x17,0x0)\Sata(0x0,0xFFFF,0x0)\HD(1,GPT,FA54C2D4-6D94-4046-9584-AA85373BCFAD,0x28,0x64000)) ... skipped because path does not exist
10:252  0:000      Checking volume "SYSTEM" (PciRoot(0x0)\Pci(0x1D,0x4)\Pci(0x0,0x0)\NVMe(0x1,57-25-ED-44-8B-44-1B-00)\HD(1,GPT,CFB82F47-7D77-478C-8C9A-A39D23DF9BA2,0x800,0x96000)) ... skipped because path does not exist
10:252  0:000      Checking volume "Windows" (PciRoot(0x0)\Pci(0x1D,0x4)\Pci(0x0,0x0)\NVMe(0x1,57-25-ED-44-8B-44-1B-00)\HD(3,GPT,36B5129A-4F4C-4F16-A13F-730912B1A9B6,0xD6800,0x1B84F9BC)) ... skipped because path does not exist
10:252  0:000      Checking volume "WinRE tools" (PciRoot(0x0)\Pci(0x1D,0x4)\Pci(0x0,0x0)\NVMe(0x1,57-25-ED-44-8B-44-1B-00)\HD(4,GPT,1D1FD381-09D7-4AB7-B01E-1E43A7E99428,0x23D29000,0x1C2000)) ... skipped because path does not exist
10:252  0:000      Checking volume "Data" (PciRoot(0x0)\Pci(0x1D,0x4)\Pci(0x0,0x0)\NVMe(0x1,57-25-ED-44-8B-44-1B-00)\HD(5,GPT,FC3C775A-50CA-40CF-B997-D3A5E8CD2DB2,0x23EEB000,0x154296EB)) ... skipped because path does not exist
10:252  0:000      Checking volume "BIOS_RVY" (PciRoot(0x0)\Pci(0x1D,0x4)\Pci(0x0,0x0)\NVMe(0x1,57-25-ED-44-8B-44-1B-00)\HD(6,GPT,D29C73FC-E1F7-4A15-825F-1DB143E9FDE7,0x39314800,0x26CC800)) ... skipped because path does not exist
10:252  0:000      Checking volume "Preboot" (PciRoot(0x0)\Pci(0x17,0x0)\Sata(0x0,0xFFFF,0x0)\HD(2,GPT,DF2DAE21-5BA9-41FB-B54B-083162532DC9,0x64028,0x3A321FE0)\VenMedia(BE74FCF7-0B7C-49F3-9147-01F4042E6842,6309BDDC556B8649909EB9050E3EFC0A)) ... skipped because volume is hidden
10:252  0:000      Checking volume "Macintosh HD" (PciRoot(0x0)\Pci(0x17,0x0)\Sata(0x0,0xFFFF,0x0)\HD(2,GPT,DF2DAE21-5BA9-41FB-B54B-083162532DC9,0x64028,0x3A321FE0)\VenMedia(BE74FCF7-0B7C-49F3-9147-01F4042E6842,CFB5CCC5F13EBF3BA46B131011FCEF09)) ... skipped because path does not exist
10:252  0:000      Checking volume "Recovery" (PciRoot(0x0)\Pci(0x17,0x0)\Sata(0x0,0xFFFF,0x0)\HD(2,GPT,DF2DAE21-5BA9-41FB-B54B-083162532DC9,0x64028,0x3A321FE0)\VenMedia(BE74FCF7-0B7C-49F3-9147-01F4042E6842,FD94A89970F4094DB91201BC7C82259A)) ... skipped because path does not exist
10:252  0:000      Checking volume "VM" (PciRoot(0x0)\Pci(0x17,0x0)\Sata(0x0,0xFFFF,0x0)\HD(2,GPT,DF2DAE21-5BA9-41FB-B54B-083162532DC9,0x64028,0x3A321FE0)\VenMedia(BE74FCF7-0B7C-49F3-9147-01F4042E6842,F2108A9BF8D4904388F7DC5CAEEB1EAA)) ... skipped because path does not exist
10:252  0:000  Custom entry 1 Title:"Windows" Path:"\EFI\Microsoft\Boot\bootmgfw.efi" Options:"-s -h" Type:7 Flags:0x0 matching all volumes
10:252  0:000      Checking volume "EFI" (PciRoot(0x0)\Pci(0x17,0x0)\Sata(0x0,0xFFFF,0x0)\HD(1,GPT,FA54C2D4-6D94-4046-9584-AA85373BCFAD,0x28,0x64000)) ... skipped because path does not exist
10:253  0:000      Checking volume "SYSTEM" (PciRoot(0x0)\Pci(0x1D,0x4)\Pci(0x0,0x0)\NVMe(0x1,57-25-ED-44-8B-44-1B-00)\HD(1,GPT,CFB82F47-7D77-478C-8C9A-A39D23DF9BA2,0x800,0x96000)) ... match!
10:253  0:000  Custom settings: <null string>.plist will  be applied
10:253  0:000      Checking volume "Windows" (PciRoot(0x0)\Pci(0x1D,0x4)\Pci(0x0,0x0)\NVMe(0x1,57-25-ED-44-8B-44-1B-00)\HD(3,GPT,36B5129A-4F4C-4F16-A13F-730912B1A9B6,0xD6800,0x1B84F9BC)) ... skipped because path does not exist
10:253  0:000      Checking volume "WinRE tools" (PciRoot(0x0)\Pci(0x1D,0x4)\Pci(0x0,0x0)\NVMe(0x1,57-25-ED-44-8B-44-1B-00)\HD(4,GPT,1D1FD381-09D7-4AB7-B01E-1E43A7E99428,0x23D29000,0x1C2000)) ... skipped because path does not exist
10:253  0:000      Checking volume "Data" (PciRoot(0x0)\Pci(0x1D,0x4)\Pci(0x0,0x0)\NVMe(0x1,57-25-ED-44-8B-44-1B-00)\HD(5,GPT,FC3C775A-50CA-40CF-B997-D3A5E8CD2DB2,0x23EEB000,0x154296EB)) ... skipped because path does not exist
10:253  0:000      Checking volume "BIOS_RVY" (PciRoot(0x0)\Pci(0x1D,0x4)\Pci(0x0,0x0)\NVMe(0x1,57-25-ED-44-8B-44-1B-00)\HD(6,GPT,D29C73FC-E1F7-4A15-825F-1DB143E9FDE7,0x39314800,0x26CC800)) ... skipped because path does not exist
10:253  0:000      Checking volume "Preboot" (PciRoot(0x0)\Pci(0x17,0x0)\Sata(0x0,0xFFFF,0x0)\HD(2,GPT,DF2DAE21-5BA9-41FB-B54B-083162532DC9,0x64028,0x3A321FE0)\VenMedia(BE74FCF7-0B7C-49F3-9147-01F4042E6842,6309BDDC556B8649909EB9050E3EFC0A)) ... skipped because volume is hidden
10:253  0:000      Checking volume "Macintosh HD" (PciRoot(0x0)\Pci(0x17,0x0)\Sata(0x0,0xFFFF,0x0)\HD(2,GPT,DF2DAE21-5BA9-41FB-B54B-083162532DC9,0x64028,0x3A321FE0)\VenMedia(BE74FCF7-0B7C-49F3-9147-01F4042E6842,CFB5CCC5F13EBF3BA46B131011FCEF09)) ... skipped because path does not exist
10:253  0:000      Checking volume "Recovery" (PciRoot(0x0)\Pci(0x17,0x0)\Sata(0x0,0xFFFF,0x0)\HD(2,GPT,DF2DAE21-5BA9-41FB-B54B-083162532DC9,0x64028,0x3A321FE0)\VenMedia(BE74FCF7-0B7C-49F3-9147-01F4042E6842,FD94A89970F4094DB91201BC7C82259A)) ... skipped because path does not exist
10:253  0:000      Checking volume "VM" (PciRoot(0x0)\Pci(0x17,0x0)\Sata(0x0,0xFFFF,0x0)\HD(2,GPT,DF2DAE21-5BA9-41FB-B54B-083162532DC9,0x64028,0x3A321FE0)\VenMedia(BE74FCF7-0B7C-49F3-9147-01F4042E6842,F2108A9BF8D4904388F7DC5CAEEB1EAA)) ... skipped because path does not exist
10:253  0:000  === [ ScanLoader ] ========================================
10:253  0:000  - [01]: 'EFI'
10:282  0:028          AddLoaderEntry for Volume Name=EFI
10:282  0:000          skipped because entry is hidden
10:282  0:000  - [04]: 'SYSTEM'
10:283  0:001          AddLoaderEntry for Volume Name=SYSTEM
10:283  0:000       skipped because path `PciRoot(0x0)\Pci(0x1D,0x4)\Pci(0x0,0x0)\NVMe(0x1,57-25-ED-44-8B-44-1B-00)\HD(1,GPT,CFB82F47-7D77-478C-8C9A-A39D23DF9BA2,0x800,0x96000)\EFI\microsoft\Boot\bootmgfw.efii` already exists for another entry!
10:295  0:011          AddLoaderEntry for Volume Name=SYSTEM
10:297  0:002          AddLoaderEntry for Volume Name=SYSTEM
10:297  0:000          skipped because entry is hidden
10:297  0:000  - [06]: 'Windows'
10:297  0:000  - [07]: 'WinRE tools'
10:297  0:000  - [08]: 'Data'
10:297  0:000  - [09]: 'BIOS_RVY'
10:297  0:000  - [11]: 'Preboot', hidden
10:297  0:000  - [12]: 'Macintosh HD'
10:298  0:000          AddLoaderEntry for Volume Name=Macintosh HD
10:299  0:000      hibernated: set as never
10:303  0:004  - [13]: 'Recovery'
10:303  0:000          AddLoaderEntry for Volume Name=Recovery
10:308  0:004  - [14]: 'VM'
10:308  0:000  === [ AddCustomTool ] =====================================
10:310  0:001  found tool \EFI\CLOVER\tools\Shell64U.efi
10:310  0:000  Checking EFI partition Volume 1 for Clover
10:312  0:002   Found Clover
10:312  0:000  === [ GetEfiBootDeviceFromNvram ] =========================
10:312  0:000  Default boot entry not found
10:312  0:000  DefaultIndex=-1 and MainMenu.EntryCount=10
10:505  0:193  can't bear mouse at all! Status=Unsupported
10:952  0:446  exit from MainMenu 7
37:274  26:322  can't bear mouse at all! Status=Unsupported
39:088  1:813  can't bear mouse at sel! Status=Unsupported
39:445  0:357  can't bear mouse at sel! Status=Unsupported
47:084  7:638   boot with args: dart=0 nv_disable=1 -disablegfxfirmware -cdfon -igfxnohdmi agdpmod=vit9696 -v 
47:084  0:000  exit from MainMenu 3
47:084  0:000  ParseBootOption: invalid input params
47:084  0:000  BootVariable of the entry is empty
47:084  0:000  === [ StartLoader ] =======================================
47:084  0:000  Finally: ExternalClock=25MHz BusSpeed=99616kHz CPUFreq=-4294965304MHz PIS: hw.busfrequency=100000000Hz
47:084  0:000  Loading boot.efi  status=Success
47:283  0:198  GetOSVersion: 10.14.6 (18G103)
47:283  0:000  CSR_CFG: CSR_ALLOW_UNTRUSTED_KEXTS | CSR_ALLOW_UNRESTRICTED_FS | CSR_ALLOW_TASK_FOR_PID | CSR_ALLOW_UNRESTRICTED_DTRACE | CSR_ALLOW_UNRESTRICTED_NVRAM
47:283  0:000  Filtering KernelPatches:
47:283  0:000   - [00]: MSR 0xE2 _xcpm_idle instant reboot(c) Pike R. Alpha :: [OS: 10.14.6 | MatchOS: All | MatchBuild: no] ==> allowed by OS
47:283  0:000   - [01]: Disable panic kext logging on 10.13 release kernel (credit vit9696) :: [OS: 10.14.6 | MatchOS: 10.13.x | MatchBuild: no] ==> not allowed by OS
47:283  0:000   - [02]: Disable panic kext logging on 10.14 release kernel (credit vit9696) :: [OS: 10.14.6 | MatchOS: 10.14.x | MatchBuild: no] ==> allowed by OS
47:283  0:000  Will not patch boot.efi
47:283  0:000  === [ PatchSmbios ] =======================================
47:283  0:000  insert table 9 for dev 14:3
47:283  0:000  Table 11 present, but rewritten for us
47:284  0:001  Trusting SMBIOS...
47:284  0:000  Channels: 1
47:284  0:000  Interleave: 0 1 2 3 4 5 6 7 8 9 10 11 12 13 14 15 16 17 18 19 20 21 22 23
47:284  0:000   partNum=M471A2K43CB1-CTD    
47:284  0:000  SMBIOS Type 17 Index = 0 => 0 0:
47:284  0:000  BANK 0 DIMM0 2667MHz 16384MB
47:284  0:000  SMBIOS Type 17 Index = 1 => 1 1:
47:284  0:000  BANK 0 DIMM1 EMPTY
47:284  0:000  mTotalSystemMemory = 16384
47:284  0:000  NumberOfMemoryDevices = 2
47:284  0:000  Type20[0]->End = 0xFFFFFF, Type17[0] = 0x4000
47:284  0:000  Table 131 is present, CPUType=31
47:284  0:000  Change to: 709
47:284  0:000  === [ PatchACPI ] =========================================
47:284  0:000  Xsdt reallocation done
47:284  0:000  old FADT length=114
47:284  0:000   SignatureFixup: 0xC0CC52F6 -> 0x0
47:286  0:001  Apply DsdtFixMask=0x00000000
47:286  0:000     drop _DSM mask=0x0000
47:286  0:000  === [ FixBiosDsdt ] =======================================
47:286  0:000  Patching DSDT:
47:286  0:000   - [change OSID to XSID (to avoid match against _OSI XOSI patch)]: disabled
47:286  0:000   - [change _OSI to XOSI]: disabled
47:286  0:000   - [change _DSM to XDSM]: disabled
47:286  0:000   - [change EC0 to EC]: disabled
47:286  0:000   - [change H_EC to EC]: disabled
47:286  0:000   - [change ECDV to EC]: disabled
47:286  0:000   - [change HDAS to HDEF]: pattern 48444153, patched at: [ (92A) (12) (12) (E021) (76) (3F) (66) (A7) (DB) (89) (19899) (19D0) (63C5) (926C) ]
47:286  0:000   - [change HECI to IMEI]: pattern 48454349, patched at: [ (131BA) (15320) (1FAE) ]
47:287  0:000   - [change MEI to IMEI]: pattern 4D45495F, bin not found / already patched!
47:287  0:000   - [change GFX0 to IGPU]: pattern 47465830, patched at: [ (52) (E) (12) (12) (12) (5E) (12) (9B) (12) (C7A) (12) (32D1) (6480) (9A27) (1B) (4E) (30) (3925) (14) (108F4) (1B84) (FBFA) (6BD) (10) ]
47:288  0:000   - [change PCI0.VID to IGPU #1 (Thinkpad)]: pattern 50434930, bin not found / already patched!
47:288  0:000   - [change PCI0.VID to IGPU #2 (Thinkpad)]: pattern 5649445F, bin not found / already patched!
47:289  0:000   - [ACPI Patch by mattystonnie]: pattern A00A9353, patched at: [ (135C4) ]
47:289  0:000    0 replacements
47:291  0:001  PreCleanup XSDT: count=26, length=244
47:291  0:000  PreCleanup XSDT, corrected XSDT: count=26, length=244
47:291  0:000  === [ ACPIPatchedAML ] ====================================
47:291  0:000  AutoMerge pass 1
47:291  0:000  Unsorted
47:291  0:000  Inserting SSDT-PNLF.aml from EFI\CLOVER\ACPI\patched: ignore on pass 1
47:291  0:000  === [ ACPIDropTables ] ====================================
47:291  0:000  Drop tables from XSDT, SIGN=DMAR TableID=EDK2     Length=168
47:291  0:000   Table[21]: DMAR  EDK2      168 dropped
47:291  0:000  Patching SSDT SataTabl Length=888
47:291  0:000  0. [change OSID to XSID (to avoid match against _OSI XOSI patch)]: disabled
47:291  0:000  1. [change _OSI to XOSI]: disabled
47:291  0:000  2. [change _DSM to XDSM]: disabled
47:291  0:000  3. [change EC0 to EC]: disabled
47:291  0:000  4. [change H_EC to EC]: disabled
47:291  0:000  5. [change ECDV to EC]: disabled
47:291  0:000  6. [change HDAS to HDEF]: pattern 48444153, bin not found / already patched!
47:291  0:000  7. [change HECI to IMEI]: pattern 48454349, bin not found / already patched!
47:291  0:000  8. [change MEI to IMEI]: pattern 4D45495F, bin not found / already patched!
47:291  0:000  9. [change GFX0 to IGPU]: pattern 47465830, bin not found / already patched!
47:291  0:000  10. [change PCI0.VID to IGPU #1 (Thinkpad)]: pattern 50434930, bin not found / already patched!
47:291  0:000  11. [change PCI0.VID to IGPU #2 (Thinkpad)]: pattern 5649445F, bin not found / already patched!
47:291  0:000  12. [ACPI Patch by mattystonnie]: pattern A00A9353, bin not found / already patched!
47:291  0:000    0 replacements
47:291  0:000  Patching SSDT CpuSsdt Length=6086
47:291  0:000  0. [change OSID to XSID (to avoid match against _OSI XOSI patch)]: disabled
47:291  0:000  1. [change _OSI to XOSI]: disabled
47:291  0:000  2. [change _DSM to XDSM]: disabled
47:291  0:000  3. [change EC0 to EC]: disabled
47:291  0:000  4. [change H_EC to EC]: disabled
47:291  0:000  5. [change ECDV to EC]: disabled
47:291  0:000  6. [change HDAS to HDEF]: pattern 48444153, bin not found / already patched!
47:291  0:000  7. [change HECI to IMEI]: pattern 48454349, bin not found / already patched!
47:291  0:000  8. [change MEI to IMEI]: pattern 4D45495F, bin not found / already patched!
47:291  0:000  9. [change GFX0 to IGPU]: pattern 47465830, bin not found / already patched!
47:291  0:000  10. [change PCI0.VID to IGPU #1 (Thinkpad)]: pattern 50434930, bin not found / already patched!
47:291  0:000  11. [change PCI0.VID to IGPU #2 (Thinkpad)]: pattern 5649445F, bin not found / already patched!
47:291  0:000  12. [ACPI Patch by mattystonnie]: pattern A00A9353, bin not found / already patched!
47:291  0:000    0 replacements
47:291  0:000  Found OperationRegion(PNVS, SystemMemory, 7ADF7000, ...)
47:291  0:000  Patching SSDT SaSsdt  Length=12742
47:291  0:000  0. [change OSID to XSID (to avoid match against _OSI XOSI patch)]: disabled
47:291  0:000  1. [change _OSI to XOSI]: disabled
47:291  0:000  2. [change _DSM to XDSM]: disabled
47:291  0:000  3. [change EC0 to EC]: disabled
47:291  0:000  4. [change H_EC to EC]: disabled
47:291  0:000  5. [change ECDV to EC]: disabled
47:291  0:000  6. [change HDAS to HDEF]: pattern 48444153, bin not found / already patched!
47:291  0:000  7. [change HECI to IMEI]: pattern 48454349, bin not found / already patched!
47:292  0:000  8. [change MEI to IMEI]: pattern 4D45495F, bin not found / already patched!
47:292  0:000  9. [change GFX0 to IGPU]: pattern 47465830, patched at: [ (2D) (3A) (46) (2C1) (1C9A) (A3A) (1D) (6AF) ]
47:292  0:000  10. [change PCI0.VID to IGPU #1 (Thinkpad)]: pattern 50434930, bin not found / already patched!
47:292  0:000  11. [change PCI0.VID to IGPU #2 (Thinkpad)]: pattern 5649445F, bin not found / already patched!
47:292  0:000  12. [ACPI Patch by mattystonnie]: pattern A00A9353, bin not found / already patched!
47:292  0:000    0 replacements
47:292  0:000  Found OperationRegion(SANV, SystemMemory, 79420118, ...)
47:292  0:000  Patching SSDT xh_whld4 Length=10766
47:292  0:000  0. [change OSID to XSID (to avoid match against _OSI XOSI patch)]: disabled
47:292  0:000  1. [change _OSI to XOSI]: disabled
47:292  0:000  2. [change _DSM to XDSM]: disabled
47:292  0:000  3. [change EC0 to EC]: disabled
47:292  0:000  4. [change H_EC to EC]: disabled
47:292  0:000  5. [change ECDV to EC]: disabled
47:292  0:000  6. [change HDAS to HDEF]: pattern 48444153, bin not found / already patched!
47:292  0:000  7. [change HECI to IMEI]: pattern 48454349, bin not found / already patched!
47:292  0:000  8. [change MEI to IMEI]: pattern 4D45495F, bin not found / already patched!
47:292  0:000  9. [change GFX0 to IGPU]: pattern 47465830, bin not found / already patched!
47:292  0:000  10. [change PCI0.VID to IGPU #1 (Thinkpad)]: pattern 50434930, bin not found / already patched!
47:292  0:000  11. [change PCI0.VID to IGPU #2 (Thinkpad)]: pattern 5649445F, bin not found / already patched!
47:292  0:000  12. [ACPI Patch by mattystonnie]: pattern A00A9353, bin not found / already patched!
47:292  0:000    0 replacements
47:292  0:000  Patching SSDT PtidDevc Length=10206
47:292  0:000  0. [change OSID to XSID (to avoid match against _OSI XOSI patch)]: disabled
47:292  0:000  1. [change _OSI to XOSI]: disabled
47:292  0:000  2. [change _DSM to XDSM]: disabled
47:292  0:000  3. [change EC0 to EC]: disabled
47:292  0:000  4. [change H_EC to EC]: disabled
47:292  0:000  5. [change ECDV to EC]: disabled
47:292  0:000  6. [change HDAS to HDEF]: pattern 48444153, bin not found / already patched!
47:292  0:000  7. [change HECI to IMEI]: pattern 48454349, bin not found / already patched!
47:292  0:000  8. [change MEI to IMEI]: pattern 4D45495F, bin not found / already patched!
47:292  0:000  9. [change GFX0 to IGPU]: pattern 47465830, bin not found / already patched!
47:292  0:000  10. [change PCI0.VID to IGPU #1 (Thinkpad)]: pattern 50434930, bin not found / already patched!
47:292  0:000  11. [change PCI0.VID to IGPU #2 (Thinkpad)]: pattern 5649445F, bin not found / already patched!
47:292  0:000  12. [ACPI Patch by mattystonnie]: pattern A00A9353, bin not found / already patched!
47:292  0:000    0 replacements
47:292  0:000  Patching SSDT TbtTypeC Length=5346
47:292  0:000  0. [change OSID to XSID (to avoid match against _OSI XOSI patch)]: disabled
47:292  0:000  1. [change _OSI to XOSI]: disabled
47:292  0:000  2. [change _DSM to XDSM]: disabled
47:292  0:000  3. [change EC0 to EC]: disabled
47:292  0:000  4. [change H_EC to EC]: disabled
47:292  0:000  5. [change ECDV to EC]: disabled
47:292  0:000  6. [change HDAS to HDEF]: pattern 48444153, bin not found / already patched!
47:292  0:000  7. [change HECI to IMEI]: pattern 48454349, bin not found / already patched!
47:292  0:000  8. [change MEI to IMEI]: pattern 4D45495F, bin not found / already patched!
47:292  0:000  9. [change GFX0 to IGPU]: pattern 47465830, bin not found / already patched!
47:292  0:000  10. [change PCI0.VID to IGPU #1 (Thinkpad)]: pattern 50434930, bin not found / already patched!
47:292  0:000  11. [change PCI0.VID to IGPU #2 (Thinkpad)]: pattern 5649445F, bin not found / already patched!
47:292  0:000  12. [ACPI Patch by mattystonnie]: pattern A00A9353, bin not found / already patched!
47:292  0:000    0 replacements
47:292  0:000  Patching SSDT UsbCTabl Length=7015
47:292  0:000  0. [change OSID to XSID (to avoid match against _OSI XOSI patch)]: disabled
47:292  0:000  1. [change _OSI to XOSI]: disabled
47:292  0:000  2. [change _DSM to XDSM]: disabled
47:292  0:000  3. [change EC0 to EC]: disabled
47:292  0:000  4. [change H_EC to EC]: disabled
47:292  0:000  5. [change ECDV to EC]: disabled
47:292  0:000  6. [change HDAS to HDEF]: pattern 48444153, bin not found / already patched!
47:292  0:000  7. [change HECI to IMEI]: pattern 48454349, bin not found / already patched!
47:292  0:000  8. [change MEI to IMEI]: pattern 4D45495F, bin not found / already patched!
47:292  0:000  9. [change GFX0 to IGPU]: pattern 47465830, bin not found / already patched!
47:293  0:000  10. [change PCI0.VID to IGPU #1 (Thinkpad)]: pattern 50434930, bin not found / already patched!
47:293  0:000  11. [change PCI0.VID to IGPU #2 (Thinkpad)]: pattern 5649445F, bin not found / already patched!
47:293  0:000  12. [ACPI Patch by mattystonnie]: pattern A00A9353, bin not found / already patched!
47:293  0:000    0 replacements
47:293  0:000  Patching SSDT ADebTabl Length=324
47:293  0:000  0. [change OSID to XSID (to avoid match against _OSI XOSI patch)]: disabled
47:293  0:000  1. [change _OSI to XOSI]: disabled
47:293  0:000  2. [change _DSM to XDSM]: disabled
47:293  0:000  3. [change EC0 to EC]: disabled
47:293  0:000  4. [change H_EC to EC]: disabled
47:293  0:000  5. [change ECDV to EC]: disabled
47:293  0:000  6. [change HDAS to HDEF]: pattern 48444153, bin not found / already patched!
47:293  0:000  7. [change HECI to IMEI]: pattern 48454349, bin not found / already patched!
47:293  0:000  8. [change MEI to IMEI]: pattern 4D45495F, bin not found / already patched!
47:293  0:000  9. [change GFX0 to IGPU]: pattern 47465830, bin not found / already patched!
47:293  0:000  10. [change PCI0.VID to IGPU #1 (Thinkpad)]: pattern 50434930, bin not found / already patched!
47:293  0:000  11. [change PCI0.VID to IGPU #2 (Thinkpad)]: pattern 5649445F, bin not found / already patched!
47:293  0:000  12. [ACPI Patch by mattystonnie]: pattern A00A9353, bin not found / already patched!
47:293  0:000    0 replacements
47:293  0:000  Found OperationRegion(ADHD, SystemMemory, 7818E000, ...)
47:293  0:000  Found OperationRegion(ABLK, SystemMemory, 7818E020, ...)
47:293  0:000  Patching SSDT SgRpSsdt Length=1159
47:293  0:000  0. [change OSID to XSID (to avoid match against _OSI XOSI patch)]: disabled
47:293  0:000  1. [change _OSI to XOSI]: disabled
47:293  0:000  2. [change _DSM to XDSM]: disabled
47:293  0:000  3. [change EC0 to EC]: disabled
47:293  0:000  4. [change H_EC to EC]: disabled
47:293  0:000  5. [change ECDV to EC]: disabled
47:293  0:000  6. [change HDAS to HDEF]: pattern 48444153, bin not found / already patched!
47:293  0:000  7. [change HECI to IMEI]: pattern 48454349, bin not found / already patched!
47:293  0:000  8. [change MEI to IMEI]: pattern 4D45495F, bin not found / already patched!
47:293  0:000  9. [change GFX0 to IGPU]: pattern 47465830, bin not found / already patched!
47:293  0:000  10. [change PCI0.VID to IGPU #1 (Thinkpad)]: pattern 50434930, bin not found / already patched!
47:293  0:000  11. [change PCI0.VID to IGPU #2 (Thinkpad)]: pattern 5649445F, bin not found / already patched!
47:293  0:000  12. [ACPI Patch by mattystonnie]: pattern A00A9353, bin not found / already patched!
47:293  0:000    0 replacements
47:293  0:000  Patching SSDT OptTabl Length=6415
47:293  0:000  0. [change OSID to XSID (to avoid match against _OSI XOSI patch)]: disabled
47:293  0:000  1. [change _OSI to XOSI]: disabled
47:293  0:000  2. [change _DSM to XDSM]: disabled
47:293  0:000  3. [change EC0 to EC]: disabled
47:293  0:000  4. [change H_EC to EC]: disabled
47:293  0:000  5. [change ECDV to EC]: disabled
47:293  0:000  6. [change HDAS to HDEF]: pattern 48444153, bin not found / already patched!
47:293  0:000  7. [change HECI to IMEI]: pattern 48454349, bin not found / already patched!
47:293  0:000  8. [change MEI to IMEI]: pattern 4D45495F, bin not found / already patched!
47:293  0:000  9. [change GFX0 to IGPU]: pattern 47465830, patched at: [ (3F) (E) (72B) (A6) (4F3) (BA7) (11) ]
47:293  0:000  10. [change PCI0.VID to IGPU #1 (Thinkpad)]: pattern 50434930, bin not found / already patched!
47:293  0:000  11. [change PCI0.VID to IGPU #2 (Thinkpad)]: pattern 5649445F, bin not found / already patched!
47:293  0:000  12. [ACPI Patch by mattystonnie]: pattern A00A9353, bin not found / already patched!
47:293  0:000    0 replacements
47:293  0:000  === [ ACPIPatchedAML ] ====================================
47:293  0:000  AutoMerge pass 2
47:293  0:000  Unsorted
47:293  0:000  Inserting SSDT-PNLF.aml from EFI\CLOVER\ACPI\patched: size=1028 ... Success
47:295  0:002  CPUBase=0 and ApicCPUBase=1 ApicCPUNum=1
47:295  0:000  Maximum control=0x14
47:295  0:000  Turbo control=0x2E
47:295  0:000  P-States: min 0x4, max 0x2E
47:295  0:000  SSDT with plugin-type without P-States is generated
47:295  0:000  Cleanup XSDT: count=28, length=260
47:295  0:000  corrected XSDT count=27, length=252
47:295  0:000  === [ RestSetup macOS ] ===================================
47:295  0:000  EdidDiscovered size=128
47:295  0:000  --- Discovered EDID Table size:128
47:295  0:000  000  |  00  FF  FF  FF  FF  FF  FF  00  0D  AE
47:295  0:000  010  |  E8  15  00  00  00  00  21  1A  01  04
47:295  0:000  020  |  A5  22  13  78  02  26  75  A6  56  50
47:295  0:000  030  |  99  27  0C  50  54  00  00  00  01  01
47:295  0:000  040  |  01  01  01  01  01  01  01  01  01  01
47:295  0:000  050  |  01  01  01  01  B4  3B  80  4A  71  38
47:295  0:000  060  |  34  40  50  36  68  00  58  C1  10  00
47:295  0:000  070  |  00  18  00  00  00  FE  00  4E  31  35
47:295  0:000  080  |  36  48  43  45  2D  45  4E  31  0A  20
47:295  0:000  090  |  00  00  00  FE  00  43  4D  4E  0A  20
47:295  0:000  100  |  20  20  20  20  20  20  20  20  00  00
47:295  0:000  110  |  00  FE  00  4E  31  35  36  48  43  45
47:295  0:000  120  |  2D  45  4E  31  0A  20  00  A2
47:295  0:000  add device: PciRoot(0x0)/Pci(0x2,0x0)
47:295  0:000     Add key=model valuelen=38
47:295  0:000     Add key=hda-gfx valuelen=10
47:295  0:000     Add key=framebuffer-patch-enable valuelen=4
47:295  0:000     Add key=framebuffer-con0-enable valuelen=4
47:295  0:000     Add key=framebuffer-con0-alldata valuelen=36
47:295  0:000     Add key=enable-hdmi20 valuelen=4
47:295  0:000     Add key=device_type valuelen=26
47:295  0:000     Add key=device-id valuelen=4
47:295  0:000     Add key=AAPL,slot-name valuelen=15
47:295  0:000     Add key=AAPL,ig-platform-id valuelen=4
47:295  0:000     Add key=AAPL,GfxYTile valuelen=4
47:295  0:000  add device: PciRoot(0x0)/Pci(0x1F,0x3)
47:295  0:000     Add key=model valuelen=49
47:295  0:000     Add key=layout-id valuelen=4
47:295  0:000     Add key=hda-gfx valuelen=10
47:295  0:000     Add key=device_type valuelen=13
47:295  0:000     Add key=device-id valuelen=4
47:295  0:000     Add key=AAPL,slot-name valuelen=16
47:295  0:000  add device: PciRoot(0x0)/Pci(0x1F,0x3)
47:295  0:000  add device: PciRoot(0x0)/Pci(0x2,0x0)
47:295  0:000     Add key=framebuffer-stolenmem valuelen=4
47:295  0:000     Add key=framebuffer-patch-enable valuelen=4
47:295  0:000     Add key=framebuffer-fbmem valuelen=4
47:295  0:000     Add key=AAPL,ig-platform-id valuelen=4
47:295  0:000  Intel GFX injection not set
47:296  0:000   RCBA disabled; cannot use it
47:296  0:000   setting specified layout-id=29 (0x1D)
47:296  0:000  stringlength = 3882
47:296  0:000  CurrentMode: Width=1920 Height=1080
47:296  0:000  Beginning FSInjection
FSInjectionInstall ...
- Our FSI_SIMPLE_FILE_SYSTEM_PROTOCOL installed on handle: 734E3798
FSInjectionInstall ...
- Our FSI_SIMPLE_FILE_SYSTEM_PROTOCOL installed on handle: 734E3798
47:304  0:008  Use origin smbios table type 1 guid.
47:317  0:012    Force kext: System\Library\Extensions\IONetworkingFamily.kext
47:334  0:017      Force PlugIn kext: System\Library\Extensions\IONetworkingFamily.kext\Contents\PlugIns\nvenet.kext
47:340  0:005      Force PlugIn kext: System\Library\Extensions\IONetworkingFamily.kext\Contents\PlugIns\AppleEthernetAquantiaAqtion.kext
47:346  0:006      Force PlugIn kext: System\Library\Extensions\IONetworkingFamily.kext\Contents\PlugIns\AppleBCM5701Ethernet.kext
47:354  0:007      Force PlugIn kext: System\Library\Extensions\IONetworkingFamily.kext\Contents\PlugIns\AppleIntelI210Ethernet.kext
47:360  0:005      Force PlugIn kext: System\Library\Extensions\IONetworkingFamily.kext\Contents\PlugIns\Intel82574L.kext
47:364  0:004      Force PlugIn kext: System\Library\Extensions\IONetworkingFamily.kext\Contents\PlugIns\IOEthernetAVBController.kext
47:368  0:003      Force PlugIn kext: System\Library\Extensions\IONetworkingFamily.kext\Contents\PlugIns\AppleYukon2.kext
47:381  0:012      Force PlugIn kext: System\Library\Extensions\IONetworkingFamily.kext\Contents\PlugIns\AppleEthernetAquantiaAqtionFirmware.kext
47:387  0:006      Force PlugIn kext: System\Library\Extensions\IONetworkingFamily.kext\Contents\PlugIns\AppleIntel8254XEthernet.kext
47:391  0:004      Force PlugIn kext: System\Library\Extensions\IONetworkingFamily.kext\Contents\PlugIns\AppleVmxnet3Ethernet.kext
47:396  0:004      Force PlugIn kext: System\Library\Extensions\IONetworkingFamily.kext\Contents\PlugIns\mDNSOffloadUserClient.kext
47:400  0:004  Preparing kexts injection for arch=x86_64 from EFI\CLOVER\kexts\Other
47:400  0:000  Extra kext: EFI\CLOVER\kexts\Other\ACPIBatteryManager.kext (v.1.81.4)
47:406  0:005  Extra kext: EFI\CLOVER\kexts\Other\FakeSMC.kext (v.1800)
47:414  0:007  Extra kext: EFI\CLOVER\kexts\Other\VoodooPS2Controller.kext (v.1.9.2)
47:419  0:005    |-- PlugIn kext: EFI\CLOVER\kexts\Other\VoodooPS2Controller.kext\Contents\PlugIns\VoodooPS2Mouse.kext (v.1.9.2)
47:424  0:005    |-- PlugIn kext: EFI\CLOVER\kexts\Other\VoodooPS2Controller.kext\Contents\PlugIns\VoodooPS2Keyboard.kext (v.1.9.2)
47:432  0:007    |-- PlugIn kext: EFI\CLOVER\kexts\Other\VoodooPS2Controller.kext\Contents\PlugIns\VoodooPS2Trackpad.kext (v.1.9.2)
47:440  0:008  Extra kext: EFI\CLOVER\kexts\Other\FakeSMC_CPUSensors.kext (v.1800)
47:446  0:005  Extra kext: EFI\CLOVER\kexts\Other\FakeSMC_GPUSensors.kext (v.1800)
47:453  0:006  Extra kext: EFI\CLOVER\kexts\Other\FakeSMC_ACPISensors.kext (v.1800)
47:461  0:008  Extra kext: EFI\CLOVER\kexts\Other\USBInjectAll.kext (v.0.7.1)
47:601  0:139  Extra kext: EFI\CLOVER\kexts\Other\GenericUSBXHCI.kext (v.1.2.11)
47:607  0:005  Extra kext: EFI\CLOVER\kexts\Other\WhateverGreen.kext (v.1.3.0)
47:624  0:017  Extra kext: EFI\CLOVER\kexts\Other\FakeSMC_LPCSensors.kext (v.1800)
47:751  0:126  Extra kext: EFI\CLOVER\kexts\Other\AppleALC.kext (v.1.3.9)
47:970  0:219  Extra kext: EFI\CLOVER\kexts\Other\FakeSMC_SMMSensors.kext (v.1800)
47:977  0:007  Extra kext: EFI\CLOVER\kexts\Other\Lilu.kext (v.1.3.7)
47:991  0:014  Custom boot screen not used because entry has unset use graphics
47:993  0:001  Closing log
